2020.12.20 21:46:39 INFO  Started: Metals version 0.9.8 in workspace 'D:\learning\spark-scala\code-base\hello-world' for client vscode.
2020.12.20 21:46:40 INFO  time: initialize in 0.47s
2020.12.20 21:46:40 INFO  Attempting to connect to the build server...
Starting the bsp launcher for bloop...
Opening a bsp server connection with 'bsp --protocol tcp --port 19217'...
Waiting for the bsp connection to come up...
Waiting for the bsp connection to come up...
Waiting for the bsp connection to come up...
Waiting for the bsp connection to come up...
Waiting for the bsp connection to come up...
Waiting for the bsp connection to come up...
2020.12.20 21:46:50 INFO  running 'C:\Program Files\Java\jdk1.8.0_271\bin\java -Djline.terminal=jline.UnsupportedTerminal -Dsbt.log.noformat=true -Dfile.encoding=UTF-8 -jar C:\Users\admin\AppData\Local\Temp\metals6365581373454078420\sbt-launch.jar -Dbloop.export-jar-classifiers=sources bloopInstall'
Waiting for the bsp connection to come up...
Waiting for the bsp connection to come up...
2020.12.20 21:46:52 INFO  [info] welcome to sbt 1.4.4 (Oracle Corporation Java 1.8.0_271)
Waiting for the bsp connection to come up...
2020.12.20 21:46:55 INFO  [info] loading global plugins from C:\Users\admin\.sbt\1.0\plugins
Waiting for the bsp connection to come up...
Waiting for the bsp connection to come up...
2020.12.20 21:46:58 INFO  [info] loading settings for project hello-world-build-build from metals.sbt ...
Waiting for the bsp connection to come up...
2020.12.20 21:46:58 INFO  [info] loading project definition from D:\learning\spark-scala\code-base\hello-world\project\project
Waiting for the bsp connection to come up...
Waiting for the bsp connection to come up...
Waiting for the bsp connection to come up...
Waiting for the bsp connection to come up...
Waiting for the bsp connection to come up...
Waiting for the bsp connection to come up...
Waiting for the bsp connection to come up...
Waiting for the bsp connection to come up...
2020.12.20 21:47:11 WARN  no build target for: D:\learning\spark-scala\code-base\hello-world\src\main\scala\CubeCalculator.scala
Waiting for the bsp connection to come up...
2020.12.20 21:47:13 INFO  no build target: using presentation compiler with only scala-library
Waiting for the bsp connection to come up...
2020.12.20 21:47:13 WARN  no build target for: D:\learning\spark-scala\code-base\hello-world\src\test\scala\CubeCalculatorTest.scala
Waiting for the bsp connection to come up...
Waiting for the bsp connection to come up...
Waiting for the bsp connection to come up...
Waiting for the bsp connection to come up...
Waiting for the bsp connection to come up...
Waiting for the bsp connection to come up...
Waiting for the bsp connection to come up...
Waiting for the bsp connection to come up...
Waiting for the bsp connection to come up...
error: Giving up on waiting for a connection, printing embedded bloop logs:
> No server running at 127.0.0.1:8212, let's fire one...
> Resolving ch.epfl.scala:bloop-frontend_2.12:1.4.6-15-209c2a5c...
error: The launcher failed to establish a bsp connection, aborting...
2020.12.20 21:47:27 ERROR Failed to connect with build server, no functionality will work.
java.lang.RuntimeException: The server did not start, got FailedToOpenBspConnection
	at bloop.launcher.LauncherMain.failPromise$1(Launcher.scala:95)
	at bloop.launcher.LauncherMain.runLauncher(Launcher.scala:122)
	at scala.meta.internal.metals.BloopServers$$anon$1.run(BloopServers.scala:159)
	at java.util.concurrent.Executors$RunnableAdapter.call(Executors.java:511)
	at java.util.concurrent.FutureTask.run(FutureTask.java:266)
	at java.util.concurrent.ThreadPoolExecutor.runWorker(ThreadPoolExecutor.java:1149)
	at java.util.concurrent.ThreadPoolExecutor$Worker.run(ThreadPoolExecutor.java:624)
	at java.lang.Thread.run(Thread.java:748)

2020.12.20 21:49:10 INFO  [info] loading settings for project hello-world-build from metals.sbt ...
2020.12.20 21:49:10 INFO  [info] loading project definition from D:\learning\spark-scala\code-base\hello-world\project
2020.12.20 21:49:46 INFO  [success] Generated .bloop\hello-world-build.json
2020.12.20 21:49:46 INFO  [success] Total time: 36 s, completed 20 Dec, 2020 9:49:46 PM
2020.12.20 21:49:49 INFO  [info] loading settings for project hello-world from build.sbt ...
2020.12.20 21:49:49 INFO  [info] set current project to hello-world (in build file:/D:/learning/spark-scala/code-base/hello-world/)
2020.12.20 21:49:49 INFO  [success] Generated .bloop\hello-world.json
2020.12.20 21:49:49 INFO  [success] Generated .bloop\hello-world-test.json
2020.12.20 21:49:49 INFO  [success] Total time: 0 s, completed 20 Dec, 2020 9:49:49 PM
2020.12.20 21:49:49 INFO  sbt bloopInstall exit: 0
2020.12.20 21:49:49 INFO  time: ran 'sbt bloopInstall' in 2m59s
2020.12.20 21:49:49 INFO  Attempting to connect to the build server...
Starting the bsp launcher for bloop...
Opening a bsp server connection with 'bsp --protocol tcp --port 42849'...
Waiting for the bsp connection to come up...
[0m[32m[D][0m Loading 2 projects from 'd:\learning\spark-scala\code-base\hello-world\.bloop'...
[0m[32m[D][0m Loading project from 'd:\learning\spark-scala\code-base\hello-world\.bloop\hello-world.json'
[0m[32m[D][0m Loading project from 'd:\learning\spark-scala\code-base\hello-world\.bloop\hello-world-test.json'
[0m[32m[D][0m Cache miss for scala instance org.scala-lang:scala-compiler:2.13.3.
[0m[32m[D][0m   => C:\Users\admin\AppData\Local\Coursier\cache\v1\https\repo1.maven.org\maven2\net\java\dev\jna\jna\5.3.1\jna-5.3.1.jar
[0m[32m[D][0m   => C:\Users\admin\AppData\Local\Coursier\cache\v1\https\repo1.maven.org\maven2\org\jline\jline\3.15.0\jline-3.15.0.jar
[0m[32m[D][0m   => C:\Users\admin\AppData\Local\Coursier\cache\v1\https\repo1.maven.org\maven2\org\scala-lang\scala-compiler\2.13.3\scala-compiler-2.13.3.jar
[0m[32m[D][0m   => C:\Users\admin\AppData\Local\Coursier\cache\v1\https\repo1.maven.org\maven2\org\scala-lang\scala-library\2.13.3\scala-library-2.13.3.jar
[0m[32m[D][0m   => C:\Users\admin\AppData\Local\Coursier\cache\v1\https\repo1.maven.org\maven2\org\scala-lang\scala-reflect\2.13.3\scala-reflect-2.13.3.jar
[0m[32m[D][0m Missing analysis file for project 'hello-world-test'
[0m[32m[D][0m Missing analysis file for project 'hello-world'
[0m[32m[D][0m Waiting for a connection at 127.0.0.1:42849...
The server is listening for incoming connections at tcp://127.0.0.1:42849...
Starting thread that pumps stdin and redirects it to the bsp server...
Starting thread that pumps server stdout and redirects it to the client stdout...
2020.12.20 21:49:51 INFO  tracing is disabled for protocol BSP, to enable tracing of incoming and outgoing JSON messages create an empty file at C:\Users\admin\AppData\Local\scalameta\metals\cache\bsp.trace.json
No more data in the client stdin, exiting...
No more data in the server stdin, exiting...
2020.12.20 21:50:11 ERROR Timeout waiting for 'build/initialize' response
2020.12.20 21:50:11 WARN  Retrying connection to the build server Bloop
Starting the bsp launcher for bloop...
Opening a bsp server connection with 'bsp --protocol tcp --port 15237'...
Waiting for the bsp connection to come up...
[0m[32m[D][0m Loading workspace settings from bloop.settings.json
[0m[32m[D][0m Waiting for a connection at 127.0.0.1:15237...
The server is listening for incoming connections at tcp://127.0.0.1:15237...
Starting thread that pumps stdin and redirects it to the bsp server...
Starting thread that pumps server stdout and redirects it to the client stdout...
2020.12.20 21:50:12 INFO  tracing is disabled for protocol BSP, to enable tracing of incoming and outgoing JSON messages create an empty file at C:\Users\admin\AppData\Local\scalameta\metals\cache\bsp.trace.json
2020.12.20 21:50:12 INFO  Attempting to connect to the build server...
Starting the bsp launcher for bloop...
Opening a bsp server connection with 'bsp --protocol tcp --port 40973'...
Waiting for the bsp connection to come up...
[0m[32m[D][0m Loading workspace settings from bloop.settings.json
[0m[32m[D][0m Waiting for a connection at 127.0.0.1:40973...
The server is listening for incoming connections at tcp://127.0.0.1:40973...
Starting thread that pumps stdin and redirects it to the bsp server...
Starting thread that pumps server stdout and redirects it to the client stdout...
2020.12.20 21:50:12 INFO  tracing is disabled for protocol BSP, to enable tracing of incoming and outgoing JSON messages create an empty file at C:\Users\admin\AppData\Local\scalameta\metals\cache\bsp.trace.json
No more data in the client stdin, exiting...
2020.12.20 21:50:32No more data in the server stdin, exiting... 
ERROR Timeout waiting for 'build/initialize' response
2020.12.20 21:50:32 WARN  Retrying connection to the build server Bloop
Starting the bsp launcher for bloop...
Opening a bsp server connection with 'bsp --protocol tcp --port 13571'...
Waiting for the bsp connection to come up...
[0m[32m[D][0m Loading workspace settings from bloop.settings.json
[0m[32m[D][0m Waiting for a connection at 127.0.0.1:13571...
The server is listening for incoming connections at tcp://127.0.0.1:13571...
Starting thread that pumps stdin and redirects it to the bsp server...
Starting thread that pumps server stdout and redirects it to the client stdout...
2020.12.20 21:50:33 INFO  tracing is disabled for protocol BSP, to enable tracing of incoming and outgoing JSON messages create an empty file at C:\Users\admin\AppData\Local\scalameta\metals\cache\bsp.trace.json
No more data in the client stdin, exiting...
No more data in the server stdin, exiting...
2020.12.20 21:50:53 ERROR Timeout waiting for 'build/initialize' response
2020.12.20 21:50:53 WARN  Retrying connection to the build server Bloop
Starting the bsp launcher for bloop...
Opening a bsp server connection with 'bsp --protocol tcp --port 25723'...
Waiting for the bsp connection to come up...
[0m[32m[D][0m Loading workspace settings from bloop.settings.json
[0m[32m[D][0m Waiting for a connection at 127.0.0.1:25723...
The server is listening for incoming connections at tcp://127.0.0.1:25723...
Starting thread that pumps stdin and redirects it to the bsp server...
Starting thread that pumps server stdout and redirects it to the client stdout...
2020.12.20 21:50:53 INFO  tracing is disabled for protocol BSP, to enable tracing of incoming and outgoing JSON messages create an empty file at C:\Users\admin\AppData\Local\scalameta\metals\cache\bsp.trace.json
No more data in the client stdin, exiting...
No more data in the server stdin, exiting...
2020.12.20 21:51:13 ERROR Timeout waiting for 'build/initialize' response
2020.12.20 21:51:13 WARN  Retrying connection to the build server Bloop
Starting the bsp launcher for bloop...
Opening a bsp server connection with 'bsp --protocol tcp --port 28287'...
Waiting for the bsp connection to come up...
[0m[32m[D][0m Loading workspace settings from bloop.settings.json
[0m[32m[D][0m Waiting for a connection at 127.0.0.1:28287...
The server is listening for incoming connections at tcp://127.0.0.1:28287...
Starting thread that pumps stdin and redirects it to the bsp server...
Starting thread that pumps server stdout and redirects it to the client stdout...
2020.12.20 21:51:14 INFO  tracing is disabled for protocol BSP, to enable tracing of incoming and outgoing JSON messages create an empty file at C:\Users\admin\AppData\Local\scalameta\metals\cache\bsp.trace.json
No more data in the client stdin, exiting...
No more data in the server stdin, exiting...
2020.12.20 21:51:34 ERROR Timeout waiting for 'build/initialize' response
2020.12.20 21:51:34 WARN  Retrying connection to the build server Bloop
Starting the bsp launcher for bloop...
Opening a bsp server connection with 'bsp --protocol tcp --port 15127'...
Waiting for the bsp connection to come up...
[0m[32m[D][0m Loading workspace settings from bloop.settings.json
[0m[32m[D][0m Waiting for a connection at 127.0.0.1:15127...
The server is listening for incoming connections at tcp://127.0.0.1:15127...
Starting thread that pumps stdin and redirects it to the bsp server...
Starting thread that pumps server stdout and redirects it to the client stdout...
2020.12.20 21:51:34 INFO  shutting down Metals
2020.12.20 21:51:50 INFO  Started: Metals version 0.9.8 in workspace 'D:\learning\spark-scala\code-base\hello-world' for client vscode.
2020.12.20 21:51:51 INFO  time: initialize in 1s
2020.12.20 21:51:52 INFO  Attempting to connect to the build server...
2020.12.20 21:51:53 WARN  no build target for: D:\learning\spark-scala\code-base\hello-world\src\test\scala\CubeCalculatorTest.scala
2020.12.20 21:51:53 WARN  no build target for: D:\learning\spark-scala\code-base\hello-world\build.sbt
Starting the bsp launcher for bloop...
Opening a bsp server connection with 'bsp --protocol tcp --port 16314'...
Waiting for the bsp connection to come up...
[0m[32m[D][0m Loading workspace settings from bloop.settings.json
[0m[32m[D][0m Waiting for a connection at 127.0.0.1:16314...
The server is listening for incoming connections at tcp://127.0.0.1:16314...
Starting thread that pumps stdin and redirects it to the bsp server...
Starting thread that pumps server stdout and redirects it to the client stdout...
2020.12.20 21:51:54 INFO  tracing is disabled for protocol BSP, to enable tracing of incoming and outgoing JSON messages create an empty file at C:\Users\admin\AppData\Local\scalameta\metals\cache\bsp.trace.json
2020.12.20 21:51:54 INFO  Attempting to connect to the build server...
Starting the bsp launcher for bloop...
Opening a bsp server connection with 'bsp --protocol tcp --port 29254'...
Waiting for the bsp connection to come up...
[0m[32m[D][0m Loading workspace settings from bloop.settings.json
[0m[32m[D][0m Waiting for a connection at 127.0.0.1:29254...
The server is listening for incoming connections at tcp://127.0.0.1:29254...
Starting thread that pumps stdin and redirects it to the bsp server...
Starting thread that pumps server stdout and redirects it to the client stdout...
2020.12.20 21:51:55 INFO  tracing is disabled for protocol BSP, to enable tracing of incoming and outgoing JSON messages create an empty file at C:\Users\admin\AppData\Local\scalameta\metals\cache\bsp.trace.json
2020.12.20 21:51:56 INFO  no build target: using presentation compiler with only scala-library
2020.12.20 21:51:59 WARN  code navigation does not work for the file 'D:\learning\spark-scala\code-base\hello-world\build.sbt' because it doesn't belong to a build target.
2020.12.20 21:51:59 WARN  no build target for: D:\learning\spark-scala\code-base\hello-world\build.sbt
2020.12.20 21:52:03 INFO  running 'C:\Program Files\Java\jdk1.8.0_271\bin\java -Djline.terminal=jline.UnsupportedTerminal -Dsbt.log.noformat=true -Dfile.encoding=UTF-8 -jar C:\Users\admin\AppData\Local\Temp\metals3878162827388225037\sbt-launch.jar -Dbloop.export-jar-classifiers=sources bloopInstall'
2020.12.20 21:52:05 INFO  [info] welcome to sbt 1.4.4 (Oracle Corporation Java 1.8.0_271)
2020.12.20 21:52:08 INFO  [info] loading global plugins from C:\Users\admin\.sbt\1.0\plugins
2020.12.20 21:52:10 INFO  [info] loading settings for project hello-world-build-build from metals.sbt ...
2020.12.20 21:52:10 INFO  [info] loading project definition from D:\learning\spark-scala\code-base\hello-world\project\project
2020.12.20 21:52:10 INFO  [info] loading settings for project hello-world-build from metals.sbt ...
2020.12.20 21:52:10 INFO  [info] loading project definition from D:\learning\spark-scala\code-base\hello-world\project
2020.12.20 21:52:14 INFO  [success] Generated .bloop\hello-world-build.json
2020.12.20 21:52:14 INFO  [success] Total time: 4 s, completed 20 Dec, 2020 9:52:14 PM
No more data in the client stdin, exiting...
No more data in the server stdin, exiting...
2020.12.20 21:52:15 ERROR Timeout waiting for 'build/initialize' response
2020.12.20 21:52:15 WARN  Retrying connection to the build server Bloop
Starting the bsp launcher for bloop...
Opening a bsp server connection with 'bsp --protocol tcp --port 17207'...
Waiting for the bsp connection to come up...
[0m[32m[D][0m Loading workspace settings from bloop.settings.json
[0m[32m[D][0m Waiting for a connection at 127.0.0.1:17207...
The server is listening for incoming connections at tcp://127.0.0.1:17207...
Starting thread that pumps stdin and redirects it to the bsp server...
Starting thread that pumps server stdout and redirects it to the client stdout...
2020.12.20 21:52:16 INFO  tracing is disabled for protocol BSP, to enable tracing of incoming and outgoing JSON messages create an empty file at C:\Users\admin\AppData\Local\scalameta\metals\cache\bsp.trace.json
2020.12.20 21:52:17 INFO  [info] loading settings for project hello-world from build.sbt ...
2020.12.20 21:52:17 INFO  [info] set current project to hello-world (in build file:/D:/learning/spark-scala/code-base/hello-world/)
No more data in the client stdin, exiting...
No more data in the server stdin, exiting...
2020.12.20 21:52:36 ERROR Timeout waiting for 'build/initialize' response
2020.12.20 21:52:36 WARN  Retrying connection to the build server Bloop
Starting the bsp launcher for bloop...
Opening a bsp server connection with 'bsp --protocol tcp --port 24876'...
Waiting for the bsp connection to come up...
[0m[32m[D][0m Loading workspace settings from bloop.settings.json
[0m[32m[D][0m Waiting for a connection at 127.0.0.1:24876...
The server is listening for incoming connections at tcp://127.0.0.1:24876...
Starting thread that pumps stdin and redirects it to the bsp server...
Starting thread that pumps server stdout and redirects it to the client stdout...
2020.12.20 21:52:36 INFO  tracing is disabled for protocol BSP, to enable tracing of incoming and outgoing JSON messages create an empty file at C:\Users\admin\AppData\Local\scalameta\metals\cache\bsp.trace.json
2020.12.20 21:52:49 INFO  time: connected to build server in 56s
2020.12.20 21:52:49 INFO  Connected to Build server v1.4.6-15-209c2a5c
2020.12.20 21:52:49 INFO  time: imported build in 0.16s
2020.12.20 21:52:55 INFO  time: indexed workspace in 5.67s
2020.12.20 21:52:56 INFO  Deduplicating compilation of hello-world from bsp client 'Metals 0.9.8' (since 1m 1.259s)
2020.12.20 21:52:56 INFO  compiling hello-world (2 scala sources)
2020.12.20 21:52:56 INFO  compiling hello-world (2 scala sources)
2020.12.20 21:53:09 INFO  compiling hello-world-test (1 scala source)
2020.12.20 21:53:47 INFO  [warn] There may be incompatibilities among your library dependencies; run 'evicted' to see detailed eviction warnings.
2020.12.20 21:54:27 INFO  time: compiled hello-world in 1m30s
2020.12.20 21:54:27 INFO  time: compiled hello-world-test in 1m17s
2020.12.20 21:54:27 ERROR Unexpected error initializing server
org.eclipse.lsp4j.jsonrpc.ResponseErrorException: D:\learning\spark-scala\code-base\hello-world\target\streams\compile\bloopAnalysisOut\_global\streams\inc_compile_2.13.zip (The process cannot access the file because it is being used by another process)
	at org.eclipse.lsp4j.jsonrpc.RemoteEndpoint.handleResponse(RemoteEndpoint.java:209)
	at org.eclipse.lsp4j.jsonrpc.RemoteEndpoint.consume(RemoteEndpoint.java:193)
	at org.eclipse.lsp4j.jsonrpc.json.StreamMessageProducer.handleMessage(StreamMessageProducer.java:194)
	at org.eclipse.lsp4j.jsonrpc.json.StreamMessageProducer.listen(StreamMessageProducer.java:94)
	at org.eclipse.lsp4j.jsonrpc.json.ConcurrentMessageProcessor.run(ConcurrentMessageProcessor.java:113)
	at java.util.concurrent.Executors$RunnableAdapter.call(Executors.java:511)
	at java.util.concurrent.FutureTask.run(FutureTask.java:266)
	at java.util.concurrent.ThreadPoolExecutor.runWorker(ThreadPoolExecutor.java:1149)
	at java.util.concurrent.ThreadPoolExecutor$Worker.run(ThreadPoolExecutor.java:624)
	at java.lang.Thread.run(Thread.java:748)

Dec 20, 2020 9:54:27 PM org.eclipse.lsp4j.jsonrpc.RemoteEndpoint handleCancellation
WARNING: Unmatched cancel notification for request id 35
Dec 20, 2020 9:54:27 PM org.eclipse.lsp4j.jsonrpc.RemoteEndpoint handleCancellation
WARNING: Unmatched cancel notification for request id 34
Dec 20, 2020 9:54:27 PM org.eclipse.lsp4j.jsonrpc.RemoteEndpoint handleCancellation
WARNING: Unmatched cancel notification for request id 47
Dec 20, 2020 9:54:27 PM org.eclipse.lsp4j.jsonrpc.RemoteEndpoint handleCancellation
WARNING: Unmatched cancel notification for request id 44
Dec 20, 2020 9:54:27 PM org.eclipse.lsp4j.jsonrpc.RemoteEndpoint handleCancellation
WARNING: Unmatched cancel notification for request id 52
2020.12.20 21:54:27 ERROR Unexpected error when compiling hello-world: 'D:\learning\spark-scala\code-base\hello-world\target\streams\compile\bloopAnalysisOut\_global\streams\inc_compile_2.13.zip (The process cannot access the file because it is being used by another process)'
Dec 20, 2020 9:54:27 PM org.eclipse.lsp4j.jsonrpc.RemoteEndpoint handleCancellation
WARNING: Unmatched cancel notification for request id 66
2020.12.20 21:54:27 INFO  Deduplicating compilation of hello-world from bsp client 'Metals 0.9.8' (since 2m 32.567s)
2020.12.20 21:54:27 INFO  Deduplicating compilation of hello-world from bsp client 'Metals 0.9.8' (since 2m 32.568s)
2020.12.20 21:54:27 ERROR Unexpected error when compiling hello-world: 'D:\learning\spark-scala\code-base\hello-world\target\streams\compile\bloopAnalysisOut\_global\streams\inc_compile_2.13.zip (The process cannot access the file because it is being used by another process)'
2020.12.20 21:54:27 ERROR Unexpected error when compiling hello-world: 'D:\learning\spark-scala\code-base\hello-world\target\streams\compile\bloopAnalysisOut\_global\streams\inc_compile_2.13.zip (The process cannot access the file because it is being used by another process)'
2020.12.20 21:55:05 INFO  [warn] There may be incompatibilities among your library dependencies; run 'evicted' to see detailed eviction warnings.
2020.12.20 21:55:06 INFO  [success] Generated .bloop\hello-world.json
2020.12.20 21:55:06 INFO  [success] Generated .bloop\hello-world-test.json
2020.12.20 21:55:06 INFO  [success] Total time: 169 s (02:49), completed 20 Dec, 2020 9:55:06 PM
2020.12.20 21:55:06 INFO  sbt bloopInstall exit: 0
2020.12.20 21:55:06 INFO  time: ran 'sbt bloopInstall' in 3m2s
2020.12.20 21:55:06 INFO  Disconnecting from Bloop session...
2020.12.20 21:55:06 INFO  Shut down connection with build server.
2020.12.20 21:55:06 INFO  Shut down connection with build server.
No more data in the client stdin, exiting...
No more data in the client stdin, exiting...
2020.12.20 21:55:06 INFO  Attempting to connect to the build server...
2020.12.20 21:55:53 ERROR Failed to connect with build server, no functionality will work.
java.lang.RuntimeException: The server did not start, got FailedToOpenBspConnection
	at bloop.launcher.LauncherMain.failPromise$1(Launcher.scala:95)
	at bloop.launcher.LauncherMain.runLauncher(Launcher.scala:122)
	at scala.meta.internal.metals.BloopServers$$anon$1.run(BloopServers.scala:159)
	at java.util.concurrent.Executors$RunnableAdapter.call(Executors.java:511)
	at java.util.concurrent.FutureTask.run(FutureTask.java:266)
	at java.util.concurrent.ThreadPoolExecutor.runWorker(ThreadPoolExecutor.java:1149)
	at java.util.concurrent.ThreadPoolExecutor$Worker.run(ThreadPoolExecutor.java:624)
	at java.lang.Thread.run(Thread.java:748)

2020.12.20 21:58:01 ERROR code navigation does not work for the file 'D:\learning\spark-scala\code-base\hello-world\src\main\scala\Main.scala' because the SemanticDB file 'D:\learning\spark-scala\code-base\hello-world\.bloop\hello-world\bloop-bsp-clients-classes\classes-Metals-P129C4cWQ2uq00MVHSyA0g==\META-INF\semanticdb\src\main\scala\Main.scala.semanticdb' doesn't exist. There can be many reasons for this error. 
2020.12.20 22:00:43 INFO  shutting down Metals
2020.12.22 08:58:40 INFO  Started: Metals version 0.9.8 in workspace 'D:\learning\spark-scala\code-base\hello-world' for client vscode.
2020.12.22 08:58:41 INFO  time: initialize in 0.45s
